<?xml version="1.0" encoding="UTF-8"?>
<!-- Generated by org.testng.reporters.JUnitReportReporter -->
<testsuite skipped="0" hostname="Sergeis-MacBook-Pro.local" name="core.PrimeNumberCheckerTest" tests="3" failures="0" timestamp="20 May 2018 19:00:36 GMT" time="0.017" errors="0">
  <testcase name="test" time="0.001" classname="core.PrimeNumberCheckerTest"/>
  <testcase name="test" time="0.015" classname="core.PrimeNumberCheckerTest"/>
  <testcase name="test" time="0.001" classname="core.PrimeNumberCheckerTest"/>
</testsuite> <!-- core.PrimeNumberCheckerTest -->
